2016-05-05 19:06:19,563 INFO  [org.jboss.modules] (main) JBoss Modules version 1.5.1.Final
2016-05-05 19:06:19,767 INFO  [org.jboss.msc] (main) JBoss MSC version 1.2.6.Final
2016-05-05 19:06:19,824 INFO  [org.jboss.as] (MSC service thread 1-5) WFLYSRV0049: WildFly Full 10.0.0.Final (WildFly Core 2.0.10.Final) starting
2016-05-05 19:06:19,825 DEBUG [org.jboss.as.config] (MSC service thread 1-5) Configured system properties:
	awt.toolkit = sun.awt.windows.WToolkit
	file.encoding = Cp1252
	file.encoding.pkg = sun.io
	file.separator = \
	java.awt.graphicsenv = sun.awt.Win32GraphicsEnvironment
	java.awt.headless = true
	java.awt.printerjob = sun.awt.windows.WPrinterJob
	java.class.path = C:\Users\Stanislav\Desktop\Wildfly 10 2\jboss-modules.jar
	java.class.version = 52.0
	java.endorsed.dirs = C:\Program Files\Java\jdk1.8.0_92\jre\lib\endorsed
	java.ext.dirs = C:\Program Files\Java\jdk1.8.0_92\jre\lib\ext;C:\WINDOWS\Sun\Java\lib\ext
	java.home = C:\Program Files\Java\jdk1.8.0_92\jre
	java.io.tmpdir = C:\Users\STANIS~1\AppData\Local\Temp\
	java.library.path = C:\Program Files\Java\jdk1.8.0_92\bin;C:\WINDOWS\Sun\Java\bin;C:\WINDOWS\system32;C:\WINDOWS;native;C:/Program Files/Java/jre1.8.0_92/bin/server;C:/Program Files/Java/jre1.8.0_92/bin;C:/Program Files/Java/jre1.8.0_92/lib/amd64;C:\app\Stanislav\product\11.2.0\dbhome_1\bin;C:\ProgramData\Oracle\Java\javapath;C:\Program Files (x86)\Common Files\Microsoft Shared\Windows Live;C:\WINDOWS\system32;C:\WINDOWS;C:\WINDOWS\System32\Wbem;C:\WINDOWS\System32\WindowsPowerShell\v1.0\;C:\Program Files (x86)\Groovy\Groovy-2.2.1\bin;C:\Program Files\OpenVPN\bin;C:\Program Files\Calibre2\;C:\Program Files\nodejs\;C:\Program Files (x86)\Windows Live\Shared;C:\Users\Stanislav\.dnx\bin;C:\Program Files\Microsoft DNX\Dnvm\;C:\Program Files (x86)\NVIDIA Corporation\PhysX\Common;C:\WINDOWS\system32\config\systemprofile\.dnx\bin;C:\Program Files\Microsoft DNX\Dnvm\;C:\Program Files (x86)\Windows Kits\8.1\Windows Performance Toolkit\;C:\Program Files (x86)\Microsoft Emulator Manager\1.0\;C:\Program Files (x86)\PuTTY\;C:\Program Files\VisualSVN Server\bin;C:\PROGRA~2\Groovy\GROOVY~1.6\bin;C:\Program Files\Microsoft SQL Server\Client SDK\ODBC\110\Tools\Binn\;C:\Program Files (x86)\Microsoft SQL Server\120\Tools\Binn\;C:\Program Files\Microsoft SQL Server\120\Tools\Binn\;C:\Program Files\Microsoft SQL Server\120\DTS\Binn\;C:\Program Files (x86)\Microsoft SQL Server\120\Tools\Binn\ManagementStudio\;C:\Program Files (x86)\Microsoft SQL Server\120\DTS\Binn\;C:\Ruby21-x64\bin;C:\Users\Stanislav\Desktop\Android_Cocos2d\cocos2d-x-3.10\templates;C:\Users\Stanislav\Desktop\Android_Cocos2d\cocos2d-x-3.10\tools\cocos2d-console\bin;\cocos2d-x-3.10\templates;C:\Program Files\Common Files\Microsoft Shared\Windows Live;C:\Program Files\Apache Software Foundation\apache-maven-3.3.9\bin;C:\Users\Stanislav\AppData\Roaming\npm;C:\Program Files\Gradle\gradle-2.10\bin;C:\Python27;C:\Program Files\MongoDB\Server\3.2\bin\;C:\Program Files\Java\jdk1.8.0_92\bin;C:\Program Files (x86)\Git\bin;%DERBY_HOME%\bin\;C:\Program Files\glassfish-4.1.1\glassfish\\bin;C:\Users\Stanislav\Desktop\eclipse;;.
	java.net.preferIPv4Stack = true
	java.runtime.name = Java(TM) SE Runtime Environment
	java.runtime.version = 1.8.0_92-b14
	java.specification.name = Java Platform API Specification
	java.specification.vendor = Oracle Corporation
	java.specification.version = 1.8
	java.util.logging.manager = org.jboss.logmanager.LogManager
	java.vendor = Oracle Corporation
	java.vendor.url = http://java.oracle.com/
	java.vendor.url.bug = http://bugreport.sun.com/bugreport/
	java.version = 1.8.0_92
	java.vm.info = mixed mode
	java.vm.name = Java HotSpot(TM) 64-Bit Server VM
	java.vm.specification.name = Java Virtual Machine Specification
	java.vm.specification.vendor = Oracle Corporation
	java.vm.specification.version = 1.8
	java.vm.vendor = Oracle Corporation
	java.vm.version = 25.92-b14
	javax.management.builder.initial = org.jboss.as.jmx.PluggableMBeanServerBuilder
	javax.xml.datatype.DatatypeFactory = __redirected.__DatatypeFactory
	javax.xml.parsers.DocumentBuilderFactory = __redirected.__DocumentBuilderFactory
	javax.xml.parsers.SAXParserFactory = __redirected.__SAXParserFactory
	javax.xml.stream.XMLEventFactory = __redirected.__XMLEventFactory
	javax.xml.stream.XMLInputFactory = __redirected.__XMLInputFactory
	javax.xml.stream.XMLOutputFactory = __redirected.__XMLOutputFactory
	javax.xml.transform.TransformerFactory = __redirected.__TransformerFactory
	javax.xml.validation.SchemaFactory:http://www.w3.org/2001/XMLSchema = __redirected.__SchemaFactory
	javax.xml.xpath.XPathFactory:http://java.sun.com/jaxp/xpath/dom = __redirected.__XPathFactory
	jboss.bind.address = localhost
	jboss.bind.address.management = localhost
	jboss.home.dir = C:\Users\Stanislav\Desktop\Wildfly 10 2
	jboss.host.name = stanislav-pc
	jboss.modules.dir = C:\Users\Stanislav\Desktop\Wildfly 10 2\modules
	jboss.modules.system.pkgs = org.jboss.byteman
	jboss.node.name = stanislav-pc
	jboss.qualified.host.name = stanislav-pc
	jboss.server.base.dir = C:\Users\Stanislav\Desktop\Wildfly 10 2\standalone
	jboss.server.config.dir = C:\Users\Stanislav\Desktop\Wildfly 10 2\standalone\configuration
	jboss.server.data.dir = C:\Users\Stanislav\Desktop\Wildfly 10 2\standalone\data
	jboss.server.deploy.dir = C:\Users\Stanislav\Desktop\Wildfly 10 2\standalone\data\content
	jboss.server.log.dir = C:\Users\Stanislav\Desktop\Wildfly 10 2\standalone\log
	jboss.server.name = stanislav-pc
	jboss.server.persist.config = true
	jboss.server.temp.dir = C:\Users\Stanislav\Desktop\Wildfly 10 2\standalone\tmp
	line.separator = 

	logging.configuration = file:/C:/Users/Stanislav/Desktop/Wildfly%2010%202/standalone/configuration/logging.properties
	module.path = C:/Users/Stanislav/Desktop/Wildfly 10 2/modules
	org.jboss.boot.log.file = C:/Users/Stanislav/Desktop/Wildfly 10 2/standalone/log/boot.log
	org.jboss.logmanager.nocolor = true
	org.jboss.resolver.warning = true
	org.xml.sax.driver = __redirected.__XMLReaderFactory
	os.arch = amd64
	os.name = Windows 10
	os.version = 10.0
	path.separator = ;
	program.name = JBossTools: WildFly 10.0 (1)
	sun.arch.data.model = 64
	sun.boot.class.path = C:\Program Files\Java\jdk1.8.0_92\jre\lib\resources.jar;C:\Program Files\Java\jdk1.8.0_92\jre\lib\rt.jar;C:\Program Files\Java\jdk1.8.0_92\jre\lib\sunrsasign.jar;C:\Program Files\Java\jdk1.8.0_92\jre\lib\jsse.jar;C:\Program Files\Java\jdk1.8.0_92\jre\lib\jce.jar;C:\Program Files\Java\jdk1.8.0_92\jre\lib\charsets.jar;C:\Program Files\Java\jdk1.8.0_92\jre\lib\jfr.jar;C:\Program Files\Java\jdk1.8.0_92\jre\classes
	sun.boot.library.path = C:\Program Files\Java\jdk1.8.0_92\jre\bin
	sun.cpu.endian = little
	sun.cpu.isalist = amd64
	sun.desktop = windows
	sun.io.unicode.encoding = UnicodeLittle
	sun.java.command = org.jboss.modules.Main -mp C:/Users/Stanislav/Desktop/Wildfly 10 2/modules org.jboss.as.standalone -b localhost --server-config=standalone.xml -Djboss.server.base.dir=C:\Users\Stanislav\Desktop\Wildfly 10 2\standalone
	sun.java.launcher = SUN_STANDARD
	sun.jnu.encoding = Cp1252
	sun.management.compiler = HotSpot 64-Bit Tiered Compilers
	sun.os.patch.level = 
	sun.rmi.dgc.client.gcInterval = 3600000
	sun.rmi.dgc.server.gcInterval = 3600000
	user.country = DE
	user.dir = C:\Users\Stanislav\Desktop\Wildfly 10 2\bin
	user.home = C:\Users\Stanislav
	user.language = de
	user.name = Stanislav
	user.script = 
	user.timezone = Europe/Berlin
	user.variant = 
2016-05-05 19:06:19,827 DEBUG [org.jboss.as.config] (MSC service thread 1-5) VM Arguments: -Dprogram.name=JBossTools: WildFly 10.0 (1) -Xms64m -Xmx512m -Dorg.jboss.resolver.warning=true -Djava.net.preferIPv4Stack=true -Dsun.rmi.dgc.client.gcInterval=3600000 -Dsun.rmi.dgc.server.gcInterval=3600000 -Djboss.modules.system.pkgs=org.jboss.byteman -Djava.awt.headless=true -Dorg.jboss.boot.log.file=C:/Users/Stanislav/Desktop/Wildfly 10 2/standalone/log/boot.log -Dlogging.configuration=file:/C:/Users/Stanislav/Desktop/Wildfly%2010%202/standalone/configuration/logging.properties -Djboss.home.dir=C:/Users/Stanislav/Desktop/Wildfly 10 2 -Dorg.jboss.logmanager.nocolor=true -Djboss.bind.address.management=localhost -Dfile.encoding=Cp1252 
2016-05-05 19:06:20,751 INFO  [org.jboss.as.server] (Controller Boot Thread) WFLYSRV0039: Creating http management service using socket-binding (management-http)
2016-05-05 19:06:20,768 INFO  [org.xnio] (MSC service thread 1-5) XNIO version 3.3.4.Final
2016-05-05 19:06:20,775 INFO  [org.xnio.nio] (MSC service thread 1-5) XNIO NIO Implementation Version 3.3.4.Final
