2016-05-10 09:29:39,597 INFO  [org.jboss.modules] (main) JBoss Modules version 1.5.1.Final
2016-05-10 09:29:41,487 INFO  [org.jboss.msc] (main) JBoss MSC version 1.2.6.Final
2016-05-10 09:29:41,612 INFO  [org.jboss.as] (MSC service thread 1-7) WFLYSRV0049: WildFly Full 10.0.0.Final (WildFly Core 2.0.10.Final) starting
2016-05-10 09:29:41,612 DEBUG [org.jboss.as.config] (MSC service thread 1-7) Configured system properties:
	awt.toolkit = sun.awt.windows.WToolkit
	file.encoding = Cp1252
	file.encoding.pkg = sun.io
	file.separator = \
	java.awt.graphicsenv = sun.awt.Win32GraphicsEnvironment
	java.awt.printerjob = sun.awt.windows.WPrinterJob
	java.class.path = C:\Users\Stanislav\Desktop\eclipse\workspace_hockey\Hockey-main\Wildfly_10\jboss-modules.jar
	java.class.version = 52.0
	java.endorsed.dirs = C:\Program Files\Java\jdk1.8.0_92\jre\lib\endorsed
	java.ext.dirs = C:\Program Files\Java\jdk1.8.0_92\jre\lib\ext;C:\WINDOWS\Sun\Java\lib\ext
	java.home = C:\Program Files\Java\jdk1.8.0_92\jre
	java.io.tmpdir = C:\Users\STANIS~1\AppData\Local\Temp\
	java.library.path = C:\Program Files\Java\jdk1.8.0_92\bin;C:\WINDOWS\Sun\Java\bin;C:\WINDOWS\system32;C:\WINDOWS;C:\app\Stanislav\product\11.2.0\dbhome_1\bin;C:\ProgramData\Oracle\Java\javapath;C:\Program Files (x86)\Common Files\Microsoft Shared\Windows Live;C:\WINDOWS\system32;C:\WINDOWS;C:\WINDOWS\System32\Wbem;C:\WINDOWS\System32\WindowsPowerShell\v1.0\;C:\Program Files (x86)\Groovy\Groovy-2.2.1\bin;C:\Program Files\OpenVPN\bin;C:\Program Files\Calibre2\;C:\Program Files\nodejs\;C:\Program Files (x86)\Windows Live\Shared;C:\Users\Stanislav\.dnx\bin;C:\Program Files\Microsoft DNX\Dnvm\;C:\Program Files (x86)\NVIDIA Corporation\PhysX\Common;C:\WINDOWS\system32\config\systemprofile\.dnx\bin;C:\Program Files\Microsoft DNX\Dnvm\;C:\Program Files (x86)\Windows Kits\8.1\Windows Performance Toolkit\;C:\Program Files (x86)\Microsoft Emulator Manager\1.0\;C:\Program Files (x86)\PuTTY\;C:\Program Files\VisualSVN Server\bin;C:\PROGRA~2\Groovy\GROOVY~1.6\bin;C:\Program Files\Microsoft SQL Server\120\DTS\Binn\;C:\Program Files\Microsoft SQL Server\Client SDK\ODBC\110\Tools\Binn\;C:\Program Files (x86)\Microsoft SQL Server\120\Tools\Binn\;C:\Program Files\Microsoft SQL Server\120\Tools\Binn\;C:\Program Files (x86)\Microsoft SQL Server\120\Tools\Binn\ManagementStudio\;C:\Program Files (x86)\Microsoft SQL Server\120\DTS\Binn\;C:\Ruby21-x64\bin;C:\Users\Stanislav\Desktop\Android_Cocos2d\cocos2d-x-3.10\templates;C:\Users\Stanislav\Desktop\Android_Cocos2d\cocos2d-x-3.10\tools\cocos2d-console\bin;\cocos2d-x-3.10\templates;C:\Program Files\Common Files\Microsoft Shared\Windows Live;C:\Program Files\Apache Software Foundation\apache-maven-3.3.9\bin;C:\Users\Stanislav\AppData\Roaming\npm;C:\Program Files\Gradle\gradle-2.10\bin;C:\Python27;C:\Program Files\MongoDB\Server\3.2\bin\;C:\Program Files\Java\jdk1.8.0_92\bin;C:\Program Files (x86)\Git\bin;%DERBY_HOME%\bin\;C:\Program Files\glassfish-4.1.1\glassfish\\bin;.
	java.net.preferIPv4Stack = true
	java.runtime.name = Java(TM) SE Runtime Environment
	java.runtime.version = 1.8.0_92-b14
	java.specification.name = Java Platform API Specification
	java.specification.vendor = Oracle Corporation
	java.specification.version = 1.8
	java.util.logging.manager = org.jboss.logmanager.LogManager
	java.vendor = Oracle Corporation
	java.vendor.url = http://java.oracle.com/
	java.vendor.url.bug = http://bugreport.sun.com/bugreport/
	java.version = 1.8.0_92
	java.vm.info = mixed mode
	java.vm.name = Java HotSpot(TM) 64-Bit Server VM
	java.vm.specification.name = Java Virtual Machine Specification
	java.vm.specification.vendor = Oracle Corporation
	java.vm.specification.version = 1.8
	java.vm.vendor = Oracle Corporation
	java.vm.version = 25.92-b14
	javax.management.builder.initial = org.jboss.as.jmx.PluggableMBeanServerBuilder
	javax.xml.datatype.DatatypeFactory = __redirected.__DatatypeFactory
	javax.xml.parsers.DocumentBuilderFactory = __redirected.__DocumentBuilderFactory
	javax.xml.parsers.SAXParserFactory = __redirected.__SAXParserFactory
	javax.xml.stream.XMLEventFactory = __redirected.__XMLEventFactory
	javax.xml.stream.XMLInputFactory = __redirected.__XMLInputFactory
	javax.xml.stream.XMLOutputFactory = __redirected.__XMLOutputFactory
	javax.xml.transform.TransformerFactory = __redirected.__TransformerFactory
	javax.xml.validation.SchemaFactory:http://www.w3.org/2001/XMLSchema = __redirected.__SchemaFactory
	javax.xml.xpath.XPathFactory:http://java.sun.com/jaxp/xpath/dom = __redirected.__XPathFactory
	jboss.home.dir = C:\Users\Stanislav\Desktop\eclipse\workspace_hockey\Hockey-main\Wildfly_10
	jboss.host.name = stanislav-pc
	jboss.modules.dir = C:\Users\Stanislav\Desktop\eclipse\workspace_hockey\Hockey-main\Wildfly_10\modules
	jboss.modules.system.pkgs = org.jboss.byteman
	jboss.node.name = stanislav-pc
	jboss.qualified.host.name = stanislav-pc
	jboss.server.base.dir = C:\Users\Stanislav\Desktop\eclipse\workspace_hockey\Hockey-main\Wildfly_10\standalone
	jboss.server.config.dir = C:\Users\Stanislav\Desktop\eclipse\workspace_hockey\Hockey-main\Wildfly_10\standalone\configuration
	jboss.server.data.dir = C:\Users\Stanislav\Desktop\eclipse\workspace_hockey\Hockey-main\Wildfly_10\standalone\data
	jboss.server.deploy.dir = C:\Users\Stanislav\Desktop\eclipse\workspace_hockey\Hockey-main\Wildfly_10\standalone\data\content
	jboss.server.log.dir = C:\Users\Stanislav\Desktop\eclipse\workspace_hockey\Hockey-main\Wildfly_10\standalone\log
	jboss.server.name = stanislav-pc
	jboss.server.persist.config = true
	jboss.server.temp.dir = C:\Users\Stanislav\Desktop\eclipse\workspace_hockey\Hockey-main\Wildfly_10\standalone\tmp
	line.separator = 

	logging.configuration = file:C:\Users\Stanislav\Desktop\eclipse\workspace_hockey\Hockey-main\Wildfly_10\standalone\configuration/logging.properties
	module.path = C:\Users\Stanislav\Desktop\eclipse\workspace_hockey\Hockey-main\Wildfly_10\modules
	org.jboss.boot.log.file = C:\Users\Stanislav\Desktop\eclipse\workspace_hockey\Hockey-main\Wildfly_10\standalone\log\server.log
	org.jboss.resolver.warning = true
	org.xml.sax.driver = __redirected.__XMLReaderFactory
	os.arch = amd64
	os.name = Windows 10
	os.version = 10.0
	path.separator = ;
	program.name = standalone.bat
	sun.arch.data.model = 64
	sun.boot.class.path = C:\Program Files\Java\jdk1.8.0_92\jre\lib\resources.jar;C:\Program Files\Java\jdk1.8.0_92\jre\lib\rt.jar;C:\Program Files\Java\jdk1.8.0_92\jre\lib\sunrsasign.jar;C:\Program Files\Java\jdk1.8.0_92\jre\lib\jsse.jar;C:\Program Files\Java\jdk1.8.0_92\jre\lib\jce.jar;C:\Program Files\Java\jdk1.8.0_92\jre\lib\charsets.jar;C:\Program Files\Java\jdk1.8.0_92\jre\lib\jfr.jar;C:\Program Files\Java\jdk1.8.0_92\jre\classes
	sun.boot.library.path = C:\Program Files\Java\jdk1.8.0_92\jre\bin
	sun.cpu.endian = little
	sun.cpu.isalist = amd64
	sun.desktop = windows
	sun.io.unicode.encoding = UnicodeLittle
	sun.java.command = C:\Users\Stanislav\Desktop\eclipse\workspace_hockey\Hockey-main\Wildfly_10\jboss-modules.jar -mp C:\Users\Stanislav\Desktop\eclipse\workspace_hockey\Hockey-main\Wildfly_10\modules org.jboss.as.standalone -Djboss.home.dir=C:\Users\Stanislav\Desktop\eclipse\workspace_hockey\Hockey-main\Wildfly_10
	sun.java.launcher = SUN_STANDARD
	sun.jnu.encoding = Cp1252
	sun.management.compiler = HotSpot 64-Bit Tiered Compilers
	sun.os.patch.level = 
	sun.stderr.encoding = cp850
	sun.stdout.encoding = cp850
	user.country = DE
	user.dir = C:\Users\Stanislav\Desktop\eclipse\workspace_hockey\Hockey-main\Wildfly_10\bin
	user.home = C:\Users\Stanislav
	user.language = de
	user.name = Stanislav
	user.script = 
	user.timezone = Europe/Berlin
	user.variant = 
2016-05-10 09:29:41,612 DEBUG [org.jboss.as.config] (MSC service thread 1-7) VM Arguments: -Dprogram.name=standalone.bat -Xms64M -Xmx512M -XX:MetaspaceSize=96M -XX:MaxMetaspaceSize=256m -Djava.net.preferIPv4Stack=true -Djboss.modules.system.pkgs=org.jboss.byteman -Dorg.jboss.boot.log.file=C:\Users\Stanislav\Desktop\eclipse\workspace_hockey\Hockey-main\Wildfly_10\standalone\log\server.log -Dlogging.configuration=file:C:\Users\Stanislav\Desktop\eclipse\workspace_hockey\Hockey-main\Wildfly_10\standalone\configuration/logging.properties 
2016-05-10 09:29:49,660 INFO  [org.jboss.as.server] (Controller Boot Thread) WFLYSRV0039: Creating http management service using socket-binding (management-http)
2016-05-10 09:29:49,707 INFO  [org.xnio] (MSC service thread 1-8) XNIO version 3.3.4.Final
2016-05-10 09:29:49,738 INFO  [org.xnio.nio] (MSC service thread 1-8) XNIO NIO Implementation Version 3.3.4.Final
2016-05-10 09:29:49,926 WARN  [org.jboss.as.txn] (ServerService Thread Pool -- 54) WFLYTX0013: Node identifier property is set to the default value. Please make sure it is unique.
2016-05-10 09:29:49,926 INFO  [org.jboss.as.clustering.infinispan] (ServerService Thread Pool -- 38) WFLYCLINF0001: Activating Infinispan subsystem.
2016-05-10 09:29:49,941 INFO  [org.jboss.as.naming] (ServerService Thread Pool -- 46) WFLYNAM0001: Activating Naming Subsystem
2016-05-10 09:29:49,941 INFO  [org.jboss.as.security] (ServerService Thread Pool -- 53) WFLYSEC0002: Activating Security Subsystem
2016-05-10 09:29:50,066 INFO  [org.wildfly.extension.io] (ServerService Thread Pool -- 37) WFLYIO001: Worker 'default' has auto-configured to 16 core threads with 128 task threads based on your 8 available processors
2016-05-10 09:29:50,066 INFO  [org.jboss.as.security] (MSC service thread 1-3) WFLYSEC0001: Current PicketBox version=4.9.4.Final
2016-05-10 09:29:50,082 INFO  [org.jboss.as.jsf] (ServerService Thread Pool -- 44) WFLYJSF0007: Activated the following JSF Implementations: [main]
2016-05-10 09:29:50,082 INFO  [org.jboss.as.webservices] (ServerService Thread Pool -- 56) WFLYWS0002: Activating WebServices Extension
2016-05-10 09:29:50,113 INFO  [org.jboss.as.connector] (MSC service thread 1-3) WFLYJCA0009: Starting JCA Subsystem (WildFly/IronJacamar 1.3.2.Final)
2016-05-10 09:29:50,238 INFO  [org.jboss.as.naming] (MSC service thread 1-2) WFLYNAM0003: Starting Naming Service
2016-05-10 09:29:50,238 INFO  [org.jboss.as.mail.extension] (MSC service thread 1-2) WFLYMAIL0001: Bound mail session [java:jboss/mail/Default]
2016-05-10 09:29:50,754 INFO  [org.jboss.remoting] (MSC service thread 1-3) JBoss Remoting version 4.0.18.Final
2016-05-10 09:29:50,895 INFO  [org.wildfly.extension.undertow] (MSC service thread 1-2) WFLYUT0003: Undertow 1.3.15.Final starting
2016-05-10 09:29:50,895 INFO  [org.wildfly.extension.undertow] (ServerService Thread Pool -- 55) WFLYUT0003: Undertow 1.3.15.Final starting
2016-05-10 09:29:51,379 INFO  [org.wildfly.extension.undertow] (ServerService Thread Pool -- 55) WFLYUT0014: Creating file handler for path 'C:\Users\Stanislav\Desktop\eclipse\workspace_hockey\Hockey-main\Wildfly_10/welcome-content' with options [directory-listing: 'false', follow-symlink: 'false', case-sensitive: 'true', safe-symlink-paths: '[]']
2016-05-10 09:29:51,410 INFO  [org.wildfly.extension.undertow] (MSC service thread 1-5) WFLYUT0012: Started server default-server.
2016-05-10 09:29:51,410 INFO  [org.wildfly.extension.undertow] (MSC service thread 1-5) WFLYUT0018: Host default-host starting
2016-05-10 09:29:51,582 INFO  [org.wildfly.extension.undertow] (MSC service thread 1-4) WFLYUT0006: Undertow HTTP listener default listening on 127.0.0.1:8080
2016-05-10 09:29:51,614 INFO  [org.jboss.as.connector.subsystems.datasources] (ServerService Thread Pool -- 33) WFLYJCA0004: Deploying JDBC-compliant driver class com.microsoft.sqlserver.jdbc.SQLServerDriver (version 4.0)
2016-05-10 09:29:51,614 INFO  [org.jboss.as.connector.deployers.jdbc] (MSC service thread 1-4) WFLYJCA0018: Started Driver service with driver-name = sqlserver2008
2016-05-10 09:29:51,645 INFO  [org.jboss.as.connector.subsystems.datasources] (ServerService Thread Pool -- 33) WFLYJCA0004: Deploying JDBC-compliant driver class org.h2.Driver (version 1.3)
2016-05-10 09:29:51,645 INFO  [org.jboss.as.connector.deployers.jdbc] (MSC service thread 1-3) WFLYJCA0018: Started Driver service with driver-name = h2
2016-05-10 09:29:51,754 INFO  [org.jboss.as.ejb3] (MSC service thread 1-3) WFLYEJB0481: Strict pool slsb-strict-max-pool is using a max instance size of 128 (per class), which is derived from thread worker pool sizing.
2016-05-10 09:29:51,754 INFO  [org.jboss.as.ejb3] (MSC service thread 1-1) WFLYEJB0482: Strict pool mdb-strict-max-pool is using a max instance size of 32 (per class), which is derived from the number of CPUs on this host.
2016-05-10 09:29:51,864 INFO  [org.jboss.as.connector.subsystems.datasources] (MSC service thread 1-1) WFLYJCA0001: Bound data source [java:/HockeyDS]
2016-05-10 09:29:53,817 INFO  [org.jboss.as.server.deployment.scanner] (MSC service thread 1-5) WFLYDS0013: Started FileSystemDeploymentService for directory C:\Users\Stanislav\Desktop\eclipse\workspace_hockey\Hockey-main\Wildfly_10\standalone\deployments
2016-05-10 09:29:53,848 INFO  [org.jboss.as.server.deployment] (MSC service thread 1-3) WFLYSRV0027: Starting deployment of "Hockey-main.ear" (runtime-name: "Hockey-main.ear")
2016-05-10 09:29:54,145 INFO  [org.infinispan.factories.GlobalComponentRegistry] (MSC service thread 1-3) ISPN000128: Infinispan version: Infinispan 'Mahou' 8.1.0.Final
2016-05-10 09:29:54,145 INFO  [org.infinispan.factories.GlobalComponentRegistry] (MSC service thread 1-8) ISPN000128: Infinispan version: Infinispan 'Mahou' 8.1.0.Final
2016-05-10 09:29:54,145 INFO  [org.infinispan.factories.GlobalComponentRegistry] (MSC service thread 1-6) ISPN000128: Infinispan version: Infinispan 'Mahou' 8.1.0.Final
2016-05-10 09:29:54,504 INFO  [org.jboss.as.connector.subsystems.datasources] (MSC service thread 1-1) WFLYJCA0001: Bound data source [java:jboss/datasources/ExampleDS]
2016-05-10 09:29:56,192 INFO  [org.jboss.as.server.deployment] (MSC service thread 1-8) WFLYSRV0207: Starting subdeployment (runtime-name: "Hockey-admin.war")
2016-05-10 09:29:56,192 INFO  [org.jboss.as.server.deployment] (MSC service thread 1-3) WFLYSRV0207: Starting subdeployment (runtime-name: "Hockey-web.war")
2016-05-10 09:29:56,192 INFO  [org.jboss.as.server.deployment] (MSC service thread 1-6) WFLYSRV0207: Starting subdeployment (runtime-name: "Hockey-ejb.jar")
2016-05-10 09:29:57,145 INFO  [org.jboss.ws.common.management] (MSC service thread 1-2) JBWS022052: Starting JBossWS 5.1.3.Final (Apache CXF 3.1.4) 
2016-05-10 09:29:57,989 INFO  [org.jboss.as.jpa] (MSC service thread 1-8) WFLYJPA0002: Read persistence.xml for primary
2016-05-10 09:29:59,443 INFO  [org.jboss.as.jpa] (ServerService Thread Pool -- 58) WFLYJPA0010: Starting Persistence Unit (phase 1 of 2) Service 'Hockey-main.ear/Hockey-ejb.jar#primary'
2016-05-10 09:29:59,505 INFO  [org.jboss.weld.deployer] (MSC service thread 1-1) WFLYWELD0003: Processing weld deployment Hockey-main.ear
2016-05-10 09:29:59,568 INFO  [org.hibernate.jpa.internal.util.LogHelper] (ServerService Thread Pool -- 58) HHH000204: Processing PersistenceUnitInfo [
	name: primary
	...]
2016-05-10 09:30:00,286 INFO  [org.hibernate.validator.internal.util.Version] (MSC service thread 1-1) HV000001: Hibernate Validator 5.2.3.Final
2016-05-10 09:30:00,552 INFO  [org.hibernate.Version] (ServerService Thread Pool -- 58) HHH000412: Hibernate Core {5.0.7.Final}
2016-05-10 09:30:00,568 INFO  [org.hibernate.cfg.Environment] (ServerService Thread Pool -- 58) HHH000206: hibernate.properties not found
2016-05-10 09:30:00,568 INFO  [org.hibernate.cfg.Environment] (ServerService Thread Pool -- 58) HHH000021: Bytecode provider name : javassist
2016-05-10 09:30:00,771 INFO  [org.hibernate.orm.deprecation] (ServerService Thread Pool -- 58) HHH90000001: Found usage of deprecated setting for specifying Scanner [hibernate.ejb.resource_scanner]; use [hibernate.archive.scanner] instead
2016-05-10 09:30:00,787 INFO  [org.hibernate.annotations.common.Version] (ServerService Thread Pool -- 58) HCANN000001: Hibernate Commons Annotations {5.0.1.Final}
2016-05-10 09:30:01,052 INFO  [org.jboss.weld.deployer] (MSC service thread 1-4) WFLYWELD0003: Processing weld deployment Hockey-ejb.jar
2016-05-10 09:30:01,287 INFO  [org.jboss.weld.deployer] (MSC service thread 1-1) WFLYWELD0003: Processing weld deployment Hockey-admin.war
2016-05-10 09:30:01,490 INFO  [org.jboss.as.ejb3.deployment] (MSC service thread 1-4) WFLYEJB0473: JNDI bindings for session bean named 'PlayerEJB' in deployment unit 'subdeployment "Hockey-ejb.jar" of deployment "Hockey-main.ear"' are as follows:

	java:global/Hockey-main/Hockey-ejb/PlayerEJB!com.stanislav.PlayerEJB
	java:app/Hockey-ejb/PlayerEJB!com.stanislav.PlayerEJB
	java:module/PlayerEJB!com.stanislav.PlayerEJB
	java:global/Hockey-main/Hockey-ejb/PlayerEJB
	java:app/Hockey-ejb/PlayerEJB
	java:module/PlayerEJB

2016-05-10 09:30:01,490 INFO  [org.jboss.as.ejb3.deployment] (MSC service thread 1-4) WFLYEJB0473: JNDI bindings for session bean named 'GameEJB' in deployment unit 'subdeployment "Hockey-ejb.jar" of deployment "Hockey-main.ear"' are as follows:

	java:global/Hockey-main/Hockey-ejb/GameEJB!com.stanislav.GameEJB
	java:app/Hockey-ejb/GameEJB!com.stanislav.GameEJB
	java:module/GameEJB!com.stanislav.GameEJB
	java:global/Hockey-main/Hockey-ejb/GameEJB
	java:app/Hockey-ejb/GameEJB
	java:module/GameEJB

2016-05-10 09:30:01,505 INFO  [org.jboss.as.ejb3.deployment] (MSC service thread 1-4) WFLYEJB0473: JNDI bindings for session bean named 'TeamEJB' in deployment unit 'subdeployment "Hockey-ejb.jar" of deployment "Hockey-main.ear"' are as follows:

	java:global/Hockey-main/Hockey-ejb/TeamEJB!com.stanislav.TeamEJB
	java:app/Hockey-ejb/TeamEJB!com.stanislav.TeamEJB
	java:module/TeamEJB!com.stanislav.TeamEJB
	java:global/Hockey-main/Hockey-ejb/TeamEJB
	java:app/Hockey-ejb/TeamEJB
	java:module/TeamEJB

2016-05-10 09:30:01,505 INFO  [org.jboss.weld.deployer] (MSC service thread 1-8) WFLYWELD0003: Processing weld deployment Hockey-web.war
2016-05-10 09:30:01,537 INFO  [org.jboss.weld.deployer] (MSC service thread 1-4) WFLYWELD0006: Starting Services for CDI deployment: Hockey-main.ear
2016-05-10 09:30:02,099 INFO  [org.jboss.weld.Version] (MSC service thread 1-4) WELD-000900: 2.3.2 (Final)
2016-05-10 09:30:02,177 INFO  [org.jboss.weld.deployer] (MSC service thread 1-8) WFLYWELD0009: Starting weld service for deployment Hockey-main.ear
2016-05-10 09:30:02,287 WARN  [org.jboss.as.ee] (MSC service thread 1-7) WFLYEE0007: Not installing optional component org.springframework.http.server.ServletServerHttpAsyncRequestControl due to an exception (enable DEBUG log level to see the cause)
2016-05-10 09:30:02,302 WARN  [org.jboss.as.ee] (MSC service thread 1-7) WFLYEE0007: Not installing optional component org.springframework.web.context.request.async.StandardServletAsyncWebRequest due to an exception (enable DEBUG log level to see the cause)
2016-05-10 09:30:02,396 INFO  [org.infinispan.configuration.cache.EvictionConfigurationBuilder] (ServerService Thread Pool -- 58) ISPN000152: Passivation configured without an eviction policy being selected. Only manually evicted entities will be passivated.
2016-05-10 09:30:02,412 INFO  [org.infinispan.configuration.cache.EvictionConfigurationBuilder] (ServerService Thread Pool -- 58) ISPN000152: Passivation configured without an eviction policy being selected. Only manually evicted entities will be passivated.
2016-05-10 09:30:02,412 INFO  [org.infinispan.configuration.cache.EvictionConfigurationBuilder] (ServerService Thread Pool -- 58) ISPN000152: Passivation configured without an eviction policy being selected. Only manually evicted entities will be passivated.
2016-05-10 09:30:02,412 INFO  [org.infinispan.configuration.cache.EvictionConfigurationBuilder] (ServerService Thread Pool -- 58) ISPN000152: Passivation configured without an eviction policy being selected. Only manually evicted entities will be passivated.
2016-05-10 09:30:02,881 INFO  [org.jboss.as.jpa] (ServerService Thread Pool -- 60) WFLYJPA0010: Starting Persistence Unit (phase 2 of 2) Service 'Hockey-main.ear/Hockey-ejb.jar#primary'
2016-05-10 09:30:03,490 INFO  [org.jboss.as.clustering.infinispan] (ServerService Thread Pool -- 58) WFLYCLINF0002: Started client-mappings cache from ejb container
2016-05-10 09:30:09,663 WARN  [org.hibernate.engine.jdbc.dialect.internal.StandardDialectResolver] (ServerService Thread Pool -- 60) HHH000385: Unknown Microsoft SQL Server major version [12] using SQL Server 2000 dialect
2016-05-10 09:30:09,788 INFO  [org.hibernate.dialect.Dialect] (ServerService Thread Pool -- 60) HHH000400: Using dialect: org.hibernate.dialect.SQLServerDialect
2016-05-10 09:30:10,085 INFO  [org.hibernate.envers.boot.internal.EnversServiceImpl] (ServerService Thread Pool -- 60) Envers integration enabled? : true
2016-05-10 09:30:13,460 INFO  [org.hibernate.tool.hbm2ddl.SchemaUpdate] (ServerService Thread Pool -- 60) HHH000228: Running hbm2ddl schema update
2016-05-10 09:30:13,757 INFO  [org.hibernate.tool.schema.extract.internal.InformationExtractorJdbcDatabaseMetaDataImpl] (ServerService Thread Pool -- 60) HHH000262: Table not found: PLAYER_STATISTICS
2016-05-10 09:30:13,819 INFO  [org.hibernate.tool.schema.extract.internal.InformationExtractorJdbcDatabaseMetaDataImpl] (ServerService Thread Pool -- 60) HHH000262: Table not found: PLAYER_STATISTICS
2016-05-10 09:30:13,913 INFO  [org.hibernate.tool.schema.extract.internal.InformationExtractorJdbcDatabaseMetaDataImpl] (ServerService Thread Pool -- 60) HHH000262: Table not found: PLAYER_STATISTICS
2016-05-10 09:30:13,929 INFO  [org.hibernate.hql.internal.QueryTranslatorFactoryInitiator] (ServerService Thread Pool -- 60) HHH000397: Using ASTQueryTranslatorFactory
2016-05-10 09:30:16,367 INFO  [io.undertow.servlet] (ServerService Thread Pool -- 78) No Spring WebApplicationInitializer types detected on classpath
2016-05-10 09:30:16,585 INFO  [javax.enterprise.resource.webcontainer.jsf.config] (ServerService Thread Pool -- 77) Mojarra 2.2.12-jbossorg-2 20150729-1131 für Kontext '/Hockey-main' wird initialisiert.
2016-05-10 09:30:16,585 INFO  [javax.enterprise.resource.webcontainer.jsf.config] (ServerService Thread Pool -- 78) Mojarra 2.2.12-jbossorg-2 20150729-1131 für Kontext '/Hockey-web' wird initialisiert.
2016-05-10 09:30:18,335 INFO  [org.wildfly.extension.undertow] (ServerService Thread Pool -- 77) WFLYUT0021: Registered web context: /Hockey-main
2016-05-10 09:30:18,414 INFO  [io.undertow.servlet] (ServerService Thread Pool -- 78) Initializing Spring FrameworkServlet 'mvc-dispatcher'
2016-05-10 09:30:18,414 INFO  [org.springframework.web.servlet.DispatcherServlet] (ServerService Thread Pool -- 78) FrameworkServlet 'mvc-dispatcher': initialization started
2016-05-10 09:30:18,429 INFO  [org.springframework.web.context.support.XmlWebApplicationContext] (ServerService Thread Pool -- 78) Refreshing WebApplicationContext for namespace 'mvc-dispatcher-servlet': startup date [Tue May 10 09:30:18 CEST 2016]; root of context hierarchy
2016-05-10 09:30:18,445 INFO  [org.springframework.beans.factory.xml.XmlBeanDefinitionReader] (ServerService Thread Pool -- 78) Loading XML bean definitions from ServletContext resource [/WEB-INF/mvc-dispatcher-servlet.xml]
2016-05-10 09:30:18,554 INFO  [org.springframework.web.servlet.handler.BeanNameUrlHandlerMapping] (ServerService Thread Pool -- 78) Mapped URL path [/player.htm] onto handler '/player.htm'
2016-05-10 09:30:18,554 INFO  [org.springframework.web.servlet.handler.BeanNameUrlHandlerMapping] (ServerService Thread Pool -- 78) Mapped URL path [/all_players.htm] onto handler '/all_players.htm'
2016-05-10 09:30:19,419 INFO  [org.springframework.web.servlet.DispatcherServlet] (ServerService Thread Pool -- 78) FrameworkServlet 'mvc-dispatcher': initialization completed in 1005 ms
2016-05-10 09:30:19,435 INFO  [org.wildfly.extension.undertow] (ServerService Thread Pool -- 78) WFLYUT0021: Registered web context: /Hockey-web
2016-05-10 09:30:19,481 INFO  [org.jboss.as.server] (Controller Boot Thread) WFLYSRV0010: Deployed "Hockey-main.ear" (runtime-name : "Hockey-main.ear")
2016-05-10 09:30:19,575 INFO  [org.jboss.as] (Controller Boot Thread) WFLYSRV0060: Http management interface listening on http://127.0.0.1:9990/management
2016-05-10 09:30:19,575 INFO  [org.jboss.as] (Controller Boot Thread) WFLYSRV0051: Admin console listening on http://127.0.0.1:9990
2016-05-10 09:30:19,575 INFO  [org.jboss.as] (Controller Boot Thread) WFLYSRV0025: WildFly Full 10.0.0.Final (WildFly Core 2.0.10.Final) started in 42260ms - Started 1068 of 1354 services (410 services are lazy, passive or on-demand)
2016-05-10 09:31:07,229 INFO  [org.wildfly.extension.undertow] (ServerService Thread Pool -- 88) WFLYUT0022: Unregistered web context: /Hockey-web
2016-05-10 09:31:07,229 INFO  [org.wildfly.extension.undertow] (ServerService Thread Pool -- 87) WFLYUT0022: Unregistered web context: /Hockey-main
2016-05-10 09:31:07,234 INFO  [io.undertow.servlet] (ServerService Thread Pool -- 88) Destroying Spring FrameworkServlet 'mvc-dispatcher'
2016-05-10 09:31:07,239 INFO  [org.springframework.web.context.support.XmlWebApplicationContext] (ServerService Thread Pool -- 88) Closing WebApplicationContext for namespace 'mvc-dispatcher-servlet': startup date [Tue May 10 09:30:18 CEST 2016]; root of context hierarchy
2016-05-10 09:31:07,250 INFO  [org.jboss.weld.deployer] (MSC service thread 1-6) WFLYWELD0010: Stopping weld service for deployment Hockey-main.ear
2016-05-10 09:31:07,272 INFO  [org.jboss.as.jpa] (ServerService Thread Pool -- 107) WFLYJPA0011: Stopping Persistence Unit (phase 2 of 2) Service 'Hockey-main.ear/Hockey-ejb.jar#primary'
2016-05-10 09:31:07,279 INFO  [org.jboss.as.jpa] (ServerService Thread Pool -- 107) WFLYJPA0011: Stopping Persistence Unit (phase 1 of 2) Service 'Hockey-main.ear/Hockey-ejb.jar#primary'
2016-05-10 09:31:07,292 INFO  [org.jboss.as.server.deployment] (MSC service thread 1-2) WFLYSRV0208: Stopped subdeployment (runtime-name: Hockey-ejb.jar) in 74ms
2016-05-10 09:31:07,300 INFO  [org.jboss.as.clustering.infinispan] (ServerService Thread Pool -- 111) WFLYCLINF0003: Stopped client-mappings cache from ejb container
2016-05-10 09:31:07,311 INFO  [org.jboss.as.server.deployment] (MSC service thread 1-7) WFLYSRV0208: Stopped subdeployment (runtime-name: Hockey-admin.war) in 93ms
2016-05-10 09:31:07,327 INFO  [org.jboss.as.server.deployment] (MSC service thread 1-5) WFLYSRV0208: Stopped subdeployment (runtime-name: Hockey-web.war) in 109ms
2016-05-10 09:31:07,333 INFO  [org.jboss.as.server.deployment] (MSC service thread 1-1) WFLYSRV0028: Stopped deployment Hockey-main.ear (runtime-name: Hockey-main.ear) in 115ms
2016-05-10 09:31:07,497 INFO  [org.jboss.as.server] (management task-5) WFLYSRV0009: Undeployed "Hockey-main.ear" (runtime-name: "Hockey-main.ear")
2016-05-10 09:31:07,519 INFO  [org.jboss.as.repository] (management task-5) WFLYDR0002: Content removed from location C:\Users\Stanislav\Desktop\eclipse\workspace_hockey\Hockey-main\Wildfly_10\standalone\data\content\40\a79e2320f6d653a70ab008884547519cc1038e\content
2016-05-10 09:31:16,584 INFO  [org.jboss.as.repository] (management task-7) WFLYDR0001: Content added at location C:\Users\Stanislav\Desktop\eclipse\workspace_hockey\Hockey-main\Wildfly_10\standalone\data\content\40\a79e2320f6d653a70ab008884547519cc1038e\content
2016-05-10 09:31:16,591 INFO  [org.jboss.as.server.deployment] (MSC service thread 1-4) WFLYSRV0027: Starting deployment of "Hockey-main.ear" (runtime-name: "Hockey-main.ear")
2016-05-10 09:31:16,693 INFO  [org.jboss.as.server.deployment] (MSC service thread 1-7) WFLYSRV0207: Starting subdeployment (runtime-name: "Hockey-web.war")
2016-05-10 09:31:16,693 INFO  [org.jboss.as.server.deployment] (MSC service thread 1-5) WFLYSRV0207: Starting subdeployment (runtime-name: "Hockey-ejb.jar")
2016-05-10 09:31:16,693 INFO  [org.jboss.as.server.deployment] (MSC service thread 1-6) WFLYSRV0207: Starting subdeployment (runtime-name: "Hockey-admin.war")
2016-05-10 09:31:17,079 INFO  [org.jboss.as.jpa] (MSC service thread 1-5) WFLYJPA0002: Read persistence.xml for primary
2016-05-10 09:31:17,124 INFO  [org.jboss.as.jpa] (ServerService Thread Pool -- 111) WFLYJPA0010: Starting Persistence Unit (phase 1 of 2) Service 'Hockey-main.ear/Hockey-ejb.jar#primary'
2016-05-10 09:31:17,140 INFO  [org.jboss.weld.deployer] (MSC service thread 1-8) WFLYWELD0003: Processing weld deployment Hockey-main.ear
2016-05-10 09:31:17,208 INFO  [org.hibernate.jpa.internal.util.LogHelper] (ServerService Thread Pool -- 111) HHH000204: Processing PersistenceUnitInfo [
	name: primary
	...]
2016-05-10 09:31:17,216 INFO  [org.hibernate.orm.deprecation] (ServerService Thread Pool -- 111) HHH90000001: Found usage of deprecated setting for specifying Scanner [hibernate.ejb.resource_scanner]; use [hibernate.archive.scanner] instead
2016-05-10 09:31:17,219 INFO  [org.jboss.weld.deployer] (MSC service thread 1-5) WFLYWELD0003: Processing weld deployment Hockey-ejb.jar
2016-05-10 09:31:17,222 INFO  [org.jboss.weld.deployer] (MSC service thread 1-8) WFLYWELD0003: Processing weld deployment Hockey-admin.war
2016-05-10 09:31:17,224 INFO  [org.jboss.as.ejb3.deployment] (MSC service thread 1-5) WFLYEJB0473: JNDI bindings for session bean named 'PlayerEJB' in deployment unit 'subdeployment "Hockey-ejb.jar" of deployment "Hockey-main.ear"' are as follows:

	java:global/Hockey-main/Hockey-ejb/PlayerEJB!com.stanislav.PlayerEJB
	java:app/Hockey-ejb/PlayerEJB!com.stanislav.PlayerEJB
	java:module/PlayerEJB!com.stanislav.PlayerEJB
	java:global/Hockey-main/Hockey-ejb/PlayerEJB
	java:app/Hockey-ejb/PlayerEJB
	java:module/PlayerEJB

2016-05-10 09:31:17,235 INFO  [org.jboss.as.ejb3.deployment] (MSC service thread 1-5) WFLYEJB0473: JNDI bindings for session bean named 'GameEJB' in deployment unit 'subdeployment "Hockey-ejb.jar" of deployment "Hockey-main.ear"' are as follows:

	java:global/Hockey-main/Hockey-ejb/GameEJB!com.stanislav.GameEJB
	java:app/Hockey-ejb/GameEJB!com.stanislav.GameEJB
	java:module/GameEJB!com.stanislav.GameEJB
	java:global/Hockey-main/Hockey-ejb/GameEJB
	java:app/Hockey-ejb/GameEJB
	java:module/GameEJB

2016-05-10 09:31:17,242 INFO  [org.jboss.as.ejb3.deployment] (MSC service thread 1-5) WFLYEJB0473: JNDI bindings for session bean named 'TeamEJB' in deployment unit 'subdeployment "Hockey-ejb.jar" of deployment "Hockey-main.ear"' are as follows:

	java:global/Hockey-main/Hockey-ejb/TeamEJB!com.stanislav.TeamEJB
	java:app/Hockey-ejb/TeamEJB!com.stanislav.TeamEJB
	java:module/TeamEJB!com.stanislav.TeamEJB
	java:global/Hockey-main/Hockey-ejb/TeamEJB
	java:app/Hockey-ejb/TeamEJB
	java:module/TeamEJB

2016-05-10 09:31:17,263 INFO  [org.jboss.weld.deployer] (MSC service thread 1-1) WFLYWELD0003: Processing weld deployment Hockey-web.war
2016-05-10 09:31:17,287 INFO  [org.jboss.weld.deployer] (MSC service thread 1-7) WFLYWELD0006: Starting Services for CDI deployment: Hockey-main.ear
2016-05-10 09:31:17,292 INFO  [org.jboss.weld.deployer] (MSC service thread 1-4) WFLYWELD0009: Starting weld service for deployment Hockey-main.ear
2016-05-10 09:31:17,299 WARN  [org.jboss.as.ee] (MSC service thread 1-8) WFLYEE0007: Not installing optional component org.springframework.http.server.ServletServerHttpAsyncRequestControl due to an exception (enable DEBUG log level to see the cause)
2016-05-10 09:31:17,304 WARN  [org.jboss.as.ee] (MSC service thread 1-8) WFLYEE0007: Not installing optional component org.springframework.web.context.request.async.StandardServletAsyncWebRequest due to an exception (enable DEBUG log level to see the cause)
2016-05-10 09:31:17,307 INFO  [org.infinispan.configuration.cache.EvictionConfigurationBuilder] (ServerService Thread Pool -- 111) ISPN000152: Passivation configured without an eviction policy being selected. Only manually evicted entities will be passivated.
2016-05-10 09:31:17,311 INFO  [org.jboss.as.jpa] (ServerService Thread Pool -- 107) WFLYJPA0010: Starting Persistence Unit (phase 2 of 2) Service 'Hockey-main.ear/Hockey-ejb.jar#primary'
2016-05-10 09:31:17,316 INFO  [org.infinispan.configuration.cache.EvictionConfigurationBuilder] (ServerService Thread Pool -- 111) ISPN000152: Passivation configured without an eviction policy being selected. Only manually evicted entities will be passivated.
2016-05-10 09:31:17,319 WARN  [org.hibernate.engine.jdbc.dialect.internal.StandardDialectResolver] (ServerService Thread Pool -- 107) HHH000385: Unknown Microsoft SQL Server major version [12] using SQL Server 2000 dialect
2016-05-10 09:31:17,322 INFO  [org.infinispan.configuration.cache.EvictionConfigurationBuilder] (ServerService Thread Pool -- 111) ISPN000152: Passivation configured without an eviction policy being selected. Only manually evicted entities will be passivated.
2016-05-10 09:31:17,326 INFO  [org.hibernate.dialect.Dialect] (ServerService Thread Pool -- 107) HHH000400: Using dialect: org.hibernate.dialect.SQLServerDialect
2016-05-10 09:31:17,329 INFO  [org.infinispan.configuration.cache.EvictionConfigurationBuilder] (ServerService Thread Pool -- 111) ISPN000152: Passivation configured without an eviction policy being selected. Only manually evicted entities will be passivated.
2016-05-10 09:31:17,344 INFO  [org.jboss.as.clustering.infinispan] (ServerService Thread Pool -- 111) WFLYCLINF0002: Started client-mappings cache from ejb container
2016-05-10 09:31:17,368 INFO  [org.hibernate.envers.boot.internal.EnversServiceImpl] (ServerService Thread Pool -- 107) Envers integration enabled? : true
2016-05-10 09:31:17,434 INFO  [org.hibernate.tool.hbm2ddl.SchemaUpdate] (ServerService Thread Pool -- 107) HHH000228: Running hbm2ddl schema update
2016-05-10 09:31:17,602 INFO  [org.hibernate.tool.schema.extract.internal.InformationExtractorJdbcDatabaseMetaDataImpl] (ServerService Thread Pool -- 107) HHH000262: Table not found: PLAYER_STATISTICS
2016-05-10 09:31:17,646 INFO  [org.hibernate.tool.schema.extract.internal.InformationExtractorJdbcDatabaseMetaDataImpl] (ServerService Thread Pool -- 107) HHH000262: Table not found: PLAYER_STATISTICS
2016-05-10 09:31:17,738 INFO  [org.hibernate.tool.schema.extract.internal.InformationExtractorJdbcDatabaseMetaDataImpl] (ServerService Thread Pool -- 107) HHH000262: Table not found: PLAYER_STATISTICS
2016-05-10 09:31:17,749 INFO  [org.hibernate.hql.internal.QueryTranslatorFactoryInitiator] (ServerService Thread Pool -- 107) HHH000397: Using ASTQueryTranslatorFactory
2016-05-10 09:31:17,938 INFO  [io.undertow.servlet] (ServerService Thread Pool -- 101) No Spring WebApplicationInitializer types detected on classpath
2016-05-10 09:31:17,944 INFO  [javax.enterprise.resource.webcontainer.jsf.config] (ServerService Thread Pool -- 116) Mojarra 2.2.12-jbossorg-2 20150729-1131 für Kontext '/Hockey-main' wird initialisiert.
2016-05-10 09:31:17,945 INFO  [javax.enterprise.resource.webcontainer.jsf.config] (ServerService Thread Pool -- 101) Mojarra 2.2.12-jbossorg-2 20150729-1131 für Kontext '/Hockey-web' wird initialisiert.
2016-05-10 09:31:18,095 INFO  [org.wildfly.extension.undertow] (ServerService Thread Pool -- 116) WFLYUT0021: Registered web context: /Hockey-main
2016-05-10 09:31:18,265 INFO  [io.undertow.servlet] (ServerService Thread Pool -- 101) Initializing Spring FrameworkServlet 'mvc-dispatcher'
2016-05-10 09:31:18,266 INFO  [org.springframework.web.servlet.DispatcherServlet] (ServerService Thread Pool -- 101) FrameworkServlet 'mvc-dispatcher': initialization started
2016-05-10 09:31:18,277 INFO  [org.springframework.web.context.support.XmlWebApplicationContext] (ServerService Thread Pool -- 101) Refreshing WebApplicationContext for namespace 'mvc-dispatcher-servlet': startup date [Tue May 10 09:31:18 CEST 2016]; root of context hierarchy
2016-05-10 09:31:18,297 INFO  [org.springframework.beans.factory.xml.XmlBeanDefinitionReader] (ServerService Thread Pool -- 101) Loading XML bean definitions from ServletContext resource [/WEB-INF/mvc-dispatcher-servlet.xml]
2016-05-10 09:31:18,359 INFO  [org.springframework.web.servlet.handler.BeanNameUrlHandlerMapping] (ServerService Thread Pool -- 101) Mapped URL path [/player.htm] onto handler '/player.htm'
2016-05-10 09:31:18,362 INFO  [org.springframework.web.servlet.handler.BeanNameUrlHandlerMapping] (ServerService Thread Pool -- 101) Mapped URL path [/all_players.htm] onto handler '/all_players.htm'
2016-05-10 09:31:18,385 INFO  [org.springframework.web.servlet.DispatcherServlet] (ServerService Thread Pool -- 101) FrameworkServlet 'mvc-dispatcher': initialization completed in 117 ms
2016-05-10 09:31:18,387 INFO  [org.wildfly.extension.undertow] (ServerService Thread Pool -- 101) WFLYUT0021: Registered web context: /Hockey-web
2016-05-10 09:31:18,413 INFO  [org.jboss.as.server] (management task-7) WFLYSRV0010: Deployed "Hockey-main.ear" (runtime-name : "Hockey-main.ear")
2016-05-10 09:35:21,293 INFO  [org.wildfly.extension.undertow] (ServerService Thread Pool -- 122) WFLYUT0022: Unregistered web context: /Hockey-main
2016-05-10 09:35:21,293 INFO  [org.wildfly.extension.undertow] (ServerService Thread Pool -- 125) WFLYUT0022: Unregistered web context: /Hockey-web
2016-05-10 09:35:21,299 INFO  [io.undertow.servlet] (ServerService Thread Pool -- 125) Destroying Spring FrameworkServlet 'mvc-dispatcher'
2016-05-10 09:35:21,302 INFO  [org.springframework.web.context.support.XmlWebApplicationContext] (ServerService Thread Pool -- 125) Closing WebApplicationContext for namespace 'mvc-dispatcher-servlet': startup date [Tue May 10 09:31:18 CEST 2016]; root of context hierarchy
2016-05-10 09:35:21,308 INFO  [org.jboss.weld.deployer] (MSC service thread 1-5) WFLYWELD0010: Stopping weld service for deployment Hockey-main.ear
2016-05-10 09:35:21,315 INFO  [org.jboss.as.jpa] (ServerService Thread Pool -- 132) WFLYJPA0011: Stopping Persistence Unit (phase 2 of 2) Service 'Hockey-main.ear/Hockey-ejb.jar#primary'
2016-05-10 09:35:21,320 INFO  [org.jboss.as.jpa] (ServerService Thread Pool -- 132) WFLYJPA0011: Stopping Persistence Unit (phase 1 of 2) Service 'Hockey-main.ear/Hockey-ejb.jar#primary'
2016-05-10 09:35:21,458 INFO  [org.jboss.as.server.deployment] (MSC service thread 1-1) WFLYSRV0208: Stopped subdeployment (runtime-name: Hockey-ejb.jar) in 169ms
2016-05-10 09:35:21,456 INFO  [org.jboss.as.clustering.infinispan] (ServerService Thread Pool -- 132) WFLYCLINF0003: Stopped client-mappings cache from ejb container
2016-05-10 09:35:21,477 INFO  [org.jboss.as.server.deployment] (MSC service thread 1-3) WFLYSRV0208: Stopped subdeployment (runtime-name: Hockey-admin.war) in 188ms
2016-05-10 09:35:21,493 INFO  [org.jboss.as.server.deployment] (MSC service thread 1-8) WFLYSRV0208: Stopped subdeployment (runtime-name: Hockey-web.war) in 204ms
2016-05-10 09:35:21,499 INFO  [org.jboss.as.server.deployment] (MSC service thread 1-2) WFLYSRV0028: Stopped deployment Hockey-main.ear (runtime-name: Hockey-main.ear) in 210ms
2016-05-10 09:35:21,529 INFO  [org.jboss.as.server] (management task-1) WFLYSRV0009: Undeployed "Hockey-main.ear" (runtime-name: "Hockey-main.ear")
2016-05-10 09:35:21,535 INFO  [org.jboss.as.repository] (management task-1) WFLYDR0002: Content removed from location C:\Users\Stanislav\Desktop\eclipse\workspace_hockey\Hockey-main\Wildfly_10\standalone\data\content\40\a79e2320f6d653a70ab008884547519cc1038e\content
2016-05-10 09:35:26,550 INFO  [org.jboss.as.repository] (management task-5) WFLYDR0001: Content added at location C:\Users\Stanislav\Desktop\eclipse\workspace_hockey\Hockey-main\Wildfly_10\standalone\data\content\16\cfa756c70648e8d80443c7d180ac82ce8b86c6\content
2016-05-10 09:35:26,555 INFO  [org.jboss.as.server.deployment] (MSC service thread 1-6) WFLYSRV0027: Starting deployment of "Hockey-main.ear" (runtime-name: "Hockey-main.ear")
2016-05-10 09:35:26,718 INFO  [org.jboss.as.server.deployment] (MSC service thread 1-6) WFLYSRV0207: Starting subdeployment (runtime-name: "Hockey-ejb.jar")
2016-05-10 09:35:26,718 INFO  [org.jboss.as.server.deployment] (MSC service thread 1-3) WFLYSRV0207: Starting subdeployment (runtime-name: "Hockey-web.war")
2016-05-10 09:35:26,718 INFO  [org.jboss.as.server.deployment] (MSC service thread 1-2) WFLYSRV0207: Starting subdeployment (runtime-name: "Hockey-admin.war")
2016-05-10 09:35:27,029 INFO  [org.jboss.as.jpa] (MSC service thread 1-1) WFLYJPA0002: Read persistence.xml for primary
2016-05-10 09:35:27,061 INFO  [org.jboss.as.jpa] (ServerService Thread Pool -- 132) WFLYJPA0010: Starting Persistence Unit (phase 1 of 2) Service 'Hockey-main.ear/Hockey-ejb.jar#primary'
2016-05-10 09:35:27,065 INFO  [org.hibernate.jpa.internal.util.LogHelper] (ServerService Thread Pool -- 132) HHH000204: Processing PersistenceUnitInfo [
	name: primary
	...]
2016-05-10 09:35:27,085 INFO  [org.hibernate.orm.deprecation] (ServerService Thread Pool -- 132) HHH90000001: Found usage of deprecated setting for specifying Scanner [hibernate.ejb.resource_scanner]; use [hibernate.archive.scanner] instead
2016-05-10 09:35:27,087 INFO  [org.jboss.weld.deployer] (MSC service thread 1-1) WFLYWELD0003: Processing weld deployment Hockey-main.ear
2016-05-10 09:35:27,106 INFO  [org.jboss.weld.deployer] (MSC service thread 1-8) WFLYWELD0003: Processing weld deployment Hockey-admin.war
2016-05-10 09:35:27,106 INFO  [org.jboss.weld.deployer] (MSC service thread 1-3) WFLYWELD0003: Processing weld deployment Hockey-ejb.jar
2016-05-10 09:35:27,112 INFO  [org.jboss.as.ejb3.deployment] (MSC service thread 1-3) WFLYEJB0473: JNDI bindings for session bean named 'PlayerEJB' in deployment unit 'subdeployment "Hockey-ejb.jar" of deployment "Hockey-main.ear"' are as follows:

	java:global/Hockey-main/Hockey-ejb/PlayerEJB!com.stanislav.PlayerEJB
	java:app/Hockey-ejb/PlayerEJB!com.stanislav.PlayerEJB
	java:module/PlayerEJB!com.stanislav.PlayerEJB
	java:global/Hockey-main/Hockey-ejb/PlayerEJB
	java:app/Hockey-ejb/PlayerEJB
	java:module/PlayerEJB

2016-05-10 09:35:27,123 INFO  [org.jboss.as.ejb3.deployment] (MSC service thread 1-3) WFLYEJB0473: JNDI bindings for session bean named 'GameEJB' in deployment unit 'subdeployment "Hockey-ejb.jar" of deployment "Hockey-main.ear"' are as follows:

	java:global/Hockey-main/Hockey-ejb/GameEJB!com.stanislav.GameEJB
	java:app/Hockey-ejb/GameEJB!com.stanislav.GameEJB
	java:module/GameEJB!com.stanislav.GameEJB
	java:global/Hockey-main/Hockey-ejb/GameEJB
	java:app/Hockey-ejb/GameEJB
	java:module/GameEJB

2016-05-10 09:35:27,133 INFO  [org.jboss.as.ejb3.deployment] (MSC service thread 1-3) WFLYEJB0473: JNDI bindings for session bean named 'TeamEJB' in deployment unit 'subdeployment "Hockey-ejb.jar" of deployment "Hockey-main.ear"' are as follows:

	java:global/Hockey-main/Hockey-ejb/TeamEJB!com.stanislav.TeamEJB
	java:app/Hockey-ejb/TeamEJB!com.stanislav.TeamEJB
	java:module/TeamEJB!com.stanislav.TeamEJB
	java:global/Hockey-main/Hockey-ejb/TeamEJB
	java:app/Hockey-ejb/TeamEJB
	java:module/TeamEJB

2016-05-10 09:35:27,159 INFO  [org.jboss.weld.deployer] (MSC service thread 1-6) WFLYWELD0003: Processing weld deployment Hockey-web.war
2016-05-10 09:35:27,189 INFO  [org.jboss.weld.deployer] (MSC service thread 1-5) WFLYWELD0006: Starting Services for CDI deployment: Hockey-main.ear
2016-05-10 09:35:27,193 INFO  [org.jboss.weld.deployer] (MSC service thread 1-8) WFLYWELD0009: Starting weld service for deployment Hockey-main.ear
2016-05-10 09:35:27,202 WARN  [org.jboss.as.ee] (MSC service thread 1-6) WFLYEE0007: Not installing optional component org.springframework.http.server.ServletServerHttpAsyncRequestControl due to an exception (enable DEBUG log level to see the cause)
2016-05-10 09:35:27,208 WARN  [org.jboss.as.ee] (MSC service thread 1-6) WFLYEE0007: Not installing optional component org.springframework.web.context.request.async.StandardServletAsyncWebRequest due to an exception (enable DEBUG log level to see the cause)
2016-05-10 09:35:27,212 INFO  [org.infinispan.configuration.cache.EvictionConfigurationBuilder] (ServerService Thread Pool -- 132) ISPN000152: Passivation configured without an eviction policy being selected. Only manually evicted entities will be passivated.
2016-05-10 09:35:27,217 INFO  [org.jboss.as.jpa] (ServerService Thread Pool -- 131) WFLYJPA0010: Starting Persistence Unit (phase 2 of 2) Service 'Hockey-main.ear/Hockey-ejb.jar#primary'
2016-05-10 09:35:27,220 INFO  [org.infinispan.configuration.cache.EvictionConfigurationBuilder] (ServerService Thread Pool -- 132) ISPN000152: Passivation configured without an eviction policy being selected. Only manually evicted entities will be passivated.
2016-05-10 09:35:27,225 WARN  [org.hibernate.engine.jdbc.dialect.internal.StandardDialectResolver] (ServerService Thread Pool -- 131) HHH000385: Unknown Microsoft SQL Server major version [12] using SQL Server 2000 dialect
2016-05-10 09:35:27,228 INFO  [org.infinispan.configuration.cache.EvictionConfigurationBuilder] (ServerService Thread Pool -- 132) ISPN000152: Passivation configured without an eviction policy being selected. Only manually evicted entities will be passivated.
2016-05-10 09:35:27,231 INFO  [org.hibernate.dialect.Dialect] (ServerService Thread Pool -- 131) HHH000400: Using dialect: org.hibernate.dialect.SQLServerDialect
2016-05-10 09:35:27,237 INFO  [org.infinispan.configuration.cache.EvictionConfigurationBuilder] (ServerService Thread Pool -- 132) ISPN000152: Passivation configured without an eviction policy being selected. Only manually evicted entities will be passivated.
2016-05-10 09:35:27,250 INFO  [org.jboss.as.clustering.infinispan] (ServerService Thread Pool -- 132) WFLYCLINF0002: Started client-mappings cache from ejb container
2016-05-10 09:35:27,282 INFO  [org.hibernate.envers.boot.internal.EnversServiceImpl] (ServerService Thread Pool -- 131) Envers integration enabled? : true
2016-05-10 09:35:27,347 INFO  [org.hibernate.tool.hbm2ddl.SchemaUpdate] (ServerService Thread Pool -- 131) HHH000228: Running hbm2ddl schema update
2016-05-10 09:35:27,565 INFO  [org.hibernate.tool.schema.extract.internal.InformationExtractorJdbcDatabaseMetaDataImpl] (ServerService Thread Pool -- 131) HHH000262: Table not found: PLAYER_STATISTICS
2016-05-10 09:35:27,631 INFO  [org.hibernate.tool.schema.extract.internal.InformationExtractorJdbcDatabaseMetaDataImpl] (ServerService Thread Pool -- 131) HHH000262: Table not found: PLAYER_STATISTICS
2016-05-10 09:35:27,735 INFO  [org.hibernate.tool.schema.extract.internal.InformationExtractorJdbcDatabaseMetaDataImpl] (ServerService Thread Pool -- 131) HHH000262: Table not found: PLAYER_STATISTICS
2016-05-10 09:35:27,749 INFO  [org.hibernate.hql.internal.QueryTranslatorFactoryInitiator] (ServerService Thread Pool -- 131) HHH000397: Using ASTQueryTranslatorFactory
2016-05-10 09:35:27,900 INFO  [io.undertow.servlet] (ServerService Thread Pool -- 139) No Spring WebApplicationInitializer types detected on classpath
2016-05-10 09:35:27,907 INFO  [javax.enterprise.resource.webcontainer.jsf.config] (ServerService Thread Pool -- 133) Mojarra 2.2.12-jbossorg-2 20150729-1131 für Kontext '/Hockey-main' wird initialisiert.
2016-05-10 09:35:27,907 INFO  [javax.enterprise.resource.webcontainer.jsf.config] (ServerService Thread Pool -- 139) Mojarra 2.2.12-jbossorg-2 20150729-1131 für Kontext '/Hockey-web' wird initialisiert.
2016-05-10 09:35:28,039 INFO  [org.wildfly.extension.undertow] (ServerService Thread Pool -- 133) WFLYUT0021: Registered web context: /Hockey-main
2016-05-10 09:35:28,229 INFO  [io.undertow.servlet] (ServerService Thread Pool -- 139) Initializing Spring FrameworkServlet 'mvc-dispatcher'
2016-05-10 09:35:28,231 INFO  [org.springframework.web.servlet.DispatcherServlet] (ServerService Thread Pool -- 139) FrameworkServlet 'mvc-dispatcher': initialization started
2016-05-10 09:35:28,242 INFO  [org.springframework.web.context.support.XmlWebApplicationContext] (ServerService Thread Pool -- 139) Refreshing WebApplicationContext for namespace 'mvc-dispatcher-servlet': startup date [Tue May 10 09:35:28 CEST 2016]; root of context hierarchy
2016-05-10 09:35:28,264 INFO  [org.springframework.beans.factory.xml.XmlBeanDefinitionReader] (ServerService Thread Pool -- 139) Loading XML bean definitions from ServletContext resource [/WEB-INF/mvc-dispatcher-servlet.xml]
2016-05-10 09:35:28,338 INFO  [org.springframework.web.servlet.handler.BeanNameUrlHandlerMapping] (ServerService Thread Pool -- 139) Mapped URL path [/player.htm] onto handler '/player.htm'
2016-05-10 09:35:28,340 INFO  [org.springframework.web.servlet.handler.BeanNameUrlHandlerMapping] (ServerService Thread Pool -- 139) Mapped URL path [/all_players.htm] onto handler '/all_players.htm'
2016-05-10 09:35:28,368 INFO  [org.springframework.web.servlet.DispatcherServlet] (ServerService Thread Pool -- 139) FrameworkServlet 'mvc-dispatcher': initialization completed in 135 ms
2016-05-10 09:35:28,370 INFO  [org.wildfly.extension.undertow] (ServerService Thread Pool -- 139) WFLYUT0021: Registered web context: /Hockey-web
2016-05-10 09:35:28,400 INFO  [org.jboss.as.server] (management task-5) WFLYSRV0010: Deployed "Hockey-main.ear" (runtime-name : "Hockey-main.ear")
